This is pdfTeX, Version 3.14159265-2.6-1.40.20 (MiKTeX 2.9.7000 64-bit) (preloaded format=pdflatex 2019.4.9)  26 APR 2019 06:49
entering extended mode
**./main.tex
(main.tex
LaTeX2e <2018-12-01>
("C:\Users\czw814\AppData\Local\Programs\MiKTeX 2.9\tex/latex/base\article.cls"
Document Class: article 2018/09/03 v1.4i Standard LaTeX document class
("C:\Users\czw814\AppData\Local\Programs\MiKTeX 2.9\tex/latex/base\size10.clo"
File: size10.clo 2018/09/03 v1.4i Standard LaTeX file (size option)
)
\c@part=\count80
\c@section=\count81
\c@subsection=\count82
\c@subsubsection=\count83
\c@paragraph=\count84
\c@subparagraph=\count85
\c@figure=\count86
\c@table=\count87
\abovecaptionskip=\skip41
\belowcaptionskip=\skip42
\bibindent=\dimen102
)
("C:\Users\czw814\AppData\Local\Programs\MiKTeX 2.9\tex/latex/psnfss\palatino.s
ty"
Package: palatino 2005/04/12 PSNFSS-v9.2a (SPQR) 
)
("C:\Users\czw814\AppData\Local\Programs\MiKTeX 2.9\tex/latex/base\inputenc.sty
"
Package: inputenc 2018/08/11 v1.3c Input encoding file
\inpenc@prehook=\toks14
\inpenc@posthook=\toks15
)
("C:\Users\czw814\AppData\Local\Programs\MiKTeX 2.9\tex/latex/siunitx\siunitx.s
ty"
("C:\Users\czw814\AppData\Local\Programs\MiKTeX 2.9\tex/latex/l3kernel\expl3.st
y"
Package: expl3 2019-04-06 L3 programming layer (loader) 

("C:\Users\czw814\AppData\Local\Programs\MiKTeX 2.9\tex/latex/l3kernel\expl3-co
de.tex"
Package: expl3 2019-04-06 L3 programming layer (code)
\c_max_int=\count88
\l_tmpa_int=\count89
\l_tmpb_int=\count90
\g_tmpa_int=\count91
\g_tmpb_int=\count92
\g__kernel_prg_map_int=\count93
\c__ior_term_ior=\count94
\c_log_iow=\count95
\l_iow_line_count_int=\count96
\l__iow_line_target_int=\count97
\l__iow_one_indent_int=\count98
\l__iow_indent_int=\count99
\c_zero_dim=\dimen103
\c_max_dim=\dimen104
\l_tmpa_dim=\dimen105
\l_tmpb_dim=\dimen106
\g_tmpa_dim=\dimen107
\g_tmpb_dim=\dimen108
\c_zero_skip=\skip43
\c_max_skip=\skip44
\l_tmpa_skip=\skip45
\l_tmpb_skip=\skip46
\g_tmpa_skip=\skip47
\g_tmpb_skip=\skip48
\c_zero_muskip=\muskip10
\c_max_muskip=\muskip11
\l_tmpa_muskip=\muskip12
\l_tmpb_muskip=\muskip13
\g_tmpa_muskip=\muskip14
\g_tmpb_muskip=\muskip15
\l_keys_choice_int=\count100
\l__intarray_loop_int=\count101
\c__intarray_sp_dim=\dimen109
\g__intarray_font_int=\count102
\c__fp_leading_shift_int=\count103
\c__fp_middle_shift_int=\count104
\c__fp_trailing_shift_int=\count105
\c__fp_big_leading_shift_int=\count106
\c__fp_big_middle_shift_int=\count107
\c__fp_big_trailing_shift_int=\count108
\c__fp_Bigg_leading_shift_int=\count109
\c__fp_Bigg_middle_shift_int=\count110
\c__fp_Bigg_trailing_shift_int=\count111
\c__kernel_randint_max_int=\count112
\g__fp_array_int=\count113
\l__fp_array_loop_int=\count114
\l__sort_length_int=\count115
\l__sort_min_int=\count116
\l__sort_top_int=\count117
\l__sort_max_int=\count118
\l__sort_true_max_int=\count119
\l__sort_block_int=\count120
\l__sort_begin_int=\count121
\l__sort_end_int=\count122
\l__sort_A_int=\count123
\l__sort_B_int=\count124
\l__sort_C_int=\count125
\l__tl_analysis_normal_int=\count126
\l__tl_analysis_index_int=\count127
\l__tl_analysis_nesting_int=\count128
\l__tl_analysis_type_int=\count129
\l__regex_internal_a_int=\count130
\l__regex_internal_b_int=\count131
\l__regex_internal_c_int=\count132
\l__regex_balance_int=\count133
\l__regex_group_level_int=\count134
\l__regex_mode_int=\count135
\c__regex_cs_in_class_mode_int=\count136
\c__regex_cs_mode_int=\count137
\l__regex_catcodes_int=\count138
\l__regex_default_catcodes_int=\count139
\c__regex_catcode_D_int=\count140
\c__regex_catcode_S_int=\count141
\c__regex_catcode_L_int=\count142
\c__regex_catcode_O_int=\count143
\c__regex_catcode_A_int=\count144
\c__regex_all_catcodes_int=\count145
\l__regex_show_lines_int=\count146
\l__regex_min_state_int=\count147
\l__regex_max_state_int=\count148
\l__regex_left_state_int=\count149
\l__regex_right_state_int=\count150
\l__regex_capturing_group_int=\count151
\l__regex_min_pos_int=\count152
\l__regex_max_pos_int=\count153
\l__regex_curr_pos_int=\count154
\l__regex_start_pos_int=\count155
\l__regex_success_pos_int=\count156
\l__regex_curr_char_int=\count157
\l__regex_curr_catcode_int=\count158
\l__regex_last_char_int=\count159
\l__regex_case_changed_char_int=\count160
\l__regex_curr_state_int=\count161
\l__regex_step_int=\count162
\l__regex_min_active_int=\count163
\l__regex_max_active_int=\count164
\l__regex_replacement_csnames_int=\count165
\l__regex_match_count_int=\count166
\l__regex_min_submatch_int=\count167
\l__regex_submatch_int=\count168
\l__regex_zeroth_submatch_int=\count169
\g__regex_trace_regex_int=\count170
\c_empty_box=\box27
\l_tmpa_box=\box28
\l_tmpb_box=\box29
\g_tmpa_box=\box30
\g_tmpb_box=\box31
\l__box_top_dim=\dimen110
\l__box_bottom_dim=\dimen111
\l__box_left_dim=\dimen112
\l__box_right_dim=\dimen113
\l__box_top_new_dim=\dimen114
\l__box_bottom_new_dim=\dimen115
\l__box_left_new_dim=\dimen116
\l__box_right_new_dim=\dimen117
\l__box_internal_box=\box32
\l__coffin_internal_box=\box33
\l__coffin_internal_dim=\dimen118
\l__coffin_offset_x_dim=\dimen119
\l__coffin_offset_y_dim=\dimen120
\l__coffin_x_dim=\dimen121
\l__coffin_y_dim=\dimen122
\l__coffin_x_prime_dim=\dimen123
\l__coffin_y_prime_dim=\dimen124
\c_empty_coffin=\box34
\l__coffin_aligned_coffin=\box35
\l__coffin_aligned_internal_coffin=\box36
\l_tmpa_coffin=\box37
\l_tmpb_coffin=\box38
\g_tmpa_coffin=\box39
\g_tmpb_coffin=\box40
\l__coffin_bounding_shift_dim=\dimen125
\l__coffin_left_corner_dim=\dimen126
\l__coffin_right_corner_dim=\dimen127
\l__coffin_bottom_corner_dim=\dimen128
\l__coffin_top_corner_dim=\dimen129
\l__coffin_scaled_total_height_dim=\dimen130
\l__coffin_scaled_width_dim=\dimen131
\c__coffin_empty_coffin=\box41
\l__coffin_display_coffin=\box42
\l__coffin_display_coord_coffin=\box43
\l__coffin_display_pole_coffin=\box44
\l__coffin_display_offset_dim=\dimen132
\l__coffin_display_x_dim=\dimen133
\l__coffin_display_y_dim=\dimen134
\g__file_internal_ior=\read1
\l__seq_internal_a_int=\count171
\l__seq_internal_b_int=\count172
\c__deprecation_minus_one=\count173
)
("C:\Users\czw814\AppData\Local\Programs\MiKTeX 2.9\tex/latex/l3kernel\l3pdfmod
e.def"
File: l3pdfmode.def 2019-04-06 v L3 Experimental driver: PDF mode
\l__driver_color_stack_int=\count174
))
("C:\Users\czw814\AppData\Local\Programs\MiKTeX 2.9\tex/latex/l3packages/xparse
\xparse.sty"
Package: xparse 2019-03-05 L3 Experimental document command parser
\l__xparse_current_arg_int=\count175
\g__xparse_grabber_int=\count176
\l__xparse_m_args_int=\count177
\l__xparse_v_nesting_int=\count178
)
Package: siunitx 2018/05/17 v2.7s A comprehensive (SI) units package

("C:\Users\czw814\AppData\Local\Programs\MiKTeX 2.9\tex/latex/amsmath\amstext.s
ty"
Package: amstext 2000/06/29 v2.01 AMS text

("C:\Users\czw814\AppData\Local\Programs\MiKTeX 2.9\tex/latex/amsmath\amsgen.st
y"
File: amsgen.sty 1999/11/30 v2.0 generic functions
\@emptytoks=\toks16
\ex@=\dimen135
))
("C:\Users\czw814\AppData\Local\Programs\MiKTeX 2.9\tex/latex/tools\array.sty"
Package: array 2018/12/30 v2.4k Tabular extension package (FMi)
\col@sep=\dimen136
\ar@mcellbox=\box45
\extrarowheight=\dimen137
\NC@list=\toks17
\extratabsurround=\skip49
\backup@length=\skip50
\ar@cellbox=\box46
)
("C:\Users\czw814\AppData\Local\Programs\MiKTeX 2.9\tex/latex/l3packages/l3keys
2e\l3keys2e.sty"
Package: l3keys2e 2019-03-05 LaTeX2e option processing using LaTeX3 keys
)
\l__siunitx_tmp_box=\box47
\l__siunitx_tmp_dim=\dimen138
\l__siunitx_tmp_int=\count179
\l__siunitx_number_mantissa_length_int=\count180
\l__siunitx_number_uncert_length_int=\count181
\l__siunitx_round_int=\count182
\l__siunitx_process_decimal_int=\count183
\l__siunitx_process_uncertainty_int=\count184
\l__siunitx_process_fixed_int=\count185
\l__siunitx_process_integer_min_int=\count186
\l__siunitx_process_precision_int=\count187
\l__siunitx_group_min_int=\count188
\l__siunitx_angle_marker_box=\box48
\l__siunitx_angle_unit_box=\box49
\l__siunitx_angle_marker_dim=\dimen139
\l__siunitx_angle_unit_dim=\dimen140
\l__siunitx_unit_int=\count189
\l__siunitx_unit_denominator_int=\count190
\l__siunitx_unit_numerator_int=\count191
\l__siunitx_unit_prefix_int=\count192
\l__siunitx_unit_prefix_base_int=\count193
\l__siunitx_unit_prefix_gram_int=\count194
\l__siunitx_number_product_int=\count195
\c__siunitx_one_fill_skip=\skip51
\l__siunitx_table_unit_align_skip=\skip52
\l__siunitx_table_exponent_dim=\dimen141
\l__siunitx_table_integer_dim=\dimen142
\l__siunitx_table_mantissa_dim=\dimen143
\l__siunitx_table_marker_dim=\dimen144
\l__siunitx_table_result_dim=\dimen145
\l__siunitx_table_uncert_dim=\dimen146
\l__siunitx_table_fill_pre_dim=\dimen147
\l__siunitx_table_fill_post_dim=\dimen148
\l__siunitx_table_fill_mid_dim=\dimen149
\l__siunitx_table_pre_box=\box50
\l__siunitx_table_post_box=\box51
\l__siunitx_table_mantissa_box=\box52
\l__siunitx_table_result_box=\box53
\l__siunitx_table_number_align_skip=\skip53
\l__siunitx_table_text_align_skip=\skip54

("C:\Users\czw814\AppData\Local\Programs\MiKTeX 2.9\tex/latex/translator\transl
ator.sty"
Package: translator 2018/01/04 v1.12 Easy translation of strings in LaTeX

("C:\Users\czw814\AppData\Local\Programs\MiKTeX 2.9\tex/latex/graphics\keyval.s
ty"
Package: keyval 2014/10/28 v1.15 key=value parser (DPC)
\KV@toks@=\toks18
)))
("C:\Users\czw814\AppData\Local\Programs\MiKTeX 2.9\tex/latex/listings\listings
.sty"
\lst@mode=\count196
\lst@gtempboxa=\box54
\lst@token=\toks19
\lst@length=\count197
\lst@currlwidth=\dimen150
\lst@column=\count198
\lst@pos=\count199
\lst@lostspace=\dimen151
\lst@width=\dimen152
\lst@newlines=\count266
\lst@lineno=\count267
\lst@maxwidth=\dimen153

("C:\Users\czw814\AppData\Local\Programs\MiKTeX 2.9\tex/latex/listings\lstmisc.
sty"
File: lstmisc.sty 2019/02/27 1.8b (Carsten Heinz)
\c@lstnumber=\count268
\lst@skipnumbers=\count269
\lst@framebox=\box55
)
("C:\Users\czw814\AppData\Local\Programs\MiKTeX 2.9\tex/latex/listings\listings
.cfg"
File: listings.cfg 2019/02/27 1.8b listings configuration
))
Package: listings 2019/02/27 1.8b (Carsten Heinz)

("C:\Users\czw814\AppData\Local\Programs\MiKTeX 2.9\tex/latex/was\gensymb.sty"
Package: gensymb 2003/07/02 v1.0 (WaS)
)
("C:\Users\czw814\AppData\Local\Programs\MiKTeX 2.9\tex/latex/oberdiek\pdflscap
e.sty"
Package: pdflscape 2016/05/14 v0.11 Display of landscape pages in PDF (HO)

("C:\Users\czw814\AppData\Local\Programs\MiKTeX 2.9\tex/latex/graphics\lscape.s
ty"
Package: lscape 2000/10/22 v3.01 Landscape Pages (DPC)

("C:\Users\czw814\AppData\Local\Programs\MiKTeX 2.9\tex/latex/graphics\graphics
.sty"
Package: graphics 2017/06/25 v1.2c Standard LaTeX Graphics (DPC,SPQR)

("C:\Users\czw814\AppData\Local\Programs\MiKTeX 2.9\tex/latex/graphics\trig.sty
"
Package: trig 2016/01/03 v1.10 sin cos tan (DPC)
)
("C:\Users\czw814\AppData\Local\Programs\MiKTeX 2.9\tex/latex/graphics-cfg\grap
hics.cfg"
File: graphics.cfg 2016/06/04 v1.11 sample graphics configuration
)
Package graphics Info: Driver file: pdftex.def on input line 99.

("C:\Users\czw814\AppData\Local\Programs\MiKTeX 2.9\tex/latex/graphics-def\pdft
ex.def"
File: pdftex.def 2018/01/08 v1.0l Graphics/color driver for pdftex
)))
("C:\Users\czw814\AppData\Local\Programs\MiKTeX 2.9\tex/generic/oberdiek\ifpdf.
sty"
Package: ifpdf 2018/09/07 v3.3 Provides the ifpdf switch
)
Package pdflscape Info: Auto-detected driver: pdftex on input line 81.

("C:\Users\czw814\AppData\Local\Programs\MiKTeX 2.9\tex/generic/ifxetex\ifxetex
.sty"
Package: ifxetex 2010/09/12 v0.6 Provides ifxetex conditional
))
("C:\Users\czw814\AppData\Local\Programs\MiKTeX 2.9\tex/latex/float\float.sty"
Package: float 2001/11/08 v1.3d Float enhancements (AL)
\c@float@type=\count270
\float@exts=\toks20
\float@box=\box56
\@float@everytoks=\toks21
\@floatcapt=\box57
)
("C:\Users\czw814\AppData\Local\Programs\MiKTeX 2.9\tex/latex/biblatex\biblatex
.sty"
Package: biblatex 2018/11/02 v3.12 programmable bibliographies (PK/MW)

("C:\Users\czw814\AppData\Local\Programs\MiKTeX 2.9\tex/generic/oberdiek\pdftex
cmds.sty"
Package: pdftexcmds 2018/09/10 v0.29 Utility functions of pdfTeX for LuaTeX (HO
)

("C:\Users\czw814\AppData\Local\Programs\MiKTeX 2.9\tex/generic/oberdiek\infwar
err.sty"
Package: infwarerr 2016/05/16 v1.4 Providing info/warning/error messages (HO)
)
("C:\Users\czw814\AppData\Local\Programs\MiKTeX 2.9\tex/generic/oberdiek\ifluat
ex.sty"
Package: ifluatex 2016/05/16 v1.4 Provides the ifluatex switch (HO)
Package ifluatex Info: LuaTeX not detected.
)
("C:\Users\czw814\AppData\Local\Programs\MiKTeX 2.9\tex/generic/oberdiek\ltxcmd
s.sty"
Package: ltxcmds 2016/05/16 v1.23 LaTeX kernel commands for general use (HO)
)
Package pdftexcmds Info: LuaTeX not detected.
Package pdftexcmds Info: \pdf@primitive is available.
Package pdftexcmds Info: \pdf@ifprimitive is available.
Package pdftexcmds Info: \pdfdraftmode found.
)
("C:\Users\czw814\AppData\Local\Programs\MiKTeX 2.9\tex/latex/etoolbox\etoolbox
.sty"
Package: etoolbox 2018/08/19 v2.5f e-TeX tools for LaTeX (JAW)
\etb@tempcnta=\count271
)
("C:\Users\czw814\AppData\Local\Programs\MiKTeX 2.9\tex/latex/oberdiek\kvoption
s.sty"
Package: kvoptions 2016/05/16 v3.12 Key value format for package options (HO)

("C:\Users\czw814\AppData\Local\Programs\MiKTeX 2.9\tex/generic/oberdiek\kvsetk
eys.sty"
Package: kvsetkeys 2016/05/16 v1.17 Key value parser (HO)

("C:\Users\czw814\AppData\Local\Programs\MiKTeX 2.9\tex/generic/oberdiek\etexcm
ds.sty"
Package: etexcmds 2016/05/16 v1.6 Avoid name clashes with e-TeX commands (HO)
)))
("C:\Users\czw814\AppData\Local\Programs\MiKTeX 2.9\tex/latex/logreq\logreq.sty
"
Package: logreq 2010/08/04 v1.0 xml request logger
\lrq@indent=\count272

("C:\Users\czw814\AppData\Local\Programs\MiKTeX 2.9\tex/latex/logreq\logreq.def
"
File: logreq.def 2010/08/04 v1.0 logreq spec v1.0
))
("C:\Users\czw814\AppData\Local\Programs\MiKTeX 2.9\tex/latex/base\ifthen.sty"
Package: ifthen 2014/09/29 v1.1c Standard LaTeX ifthen package (DPC)
) ("C:\Users\czw814\AppData\Local\Programs\MiKTeX 2.9\tex/latex/url\url.sty"
\Urlmuskip=\muskip16
Package: url 2013/09/16  ver 3.4  Verb mode for urls, etc.
)
\c@tabx@nest=\count273
\c@listtotal=\count274
\c@listcount=\count275
\c@liststart=\count276
\c@liststop=\count277
\c@citecount=\count278
\c@citetotal=\count279
\c@multicitecount=\count280
\c@multicitetotal=\count281
\c@instcount=\count282
\c@maxnames=\count283
\c@minnames=\count284
\c@maxitems=\count285
\c@minitems=\count286
\c@citecounter=\count287
\c@maxcitecounter=\count288
\c@savedcitecounter=\count289
\c@uniquelist=\count290
\c@uniquename=\count291
\c@refsection=\count292
\c@refsegment=\count293
\c@maxextratitle=\count294
\c@maxextratitleyear=\count295
\c@maxextraname=\count296
\c@maxextradate=\count297
\c@maxextraalpha=\count298
\c@abbrvpenalty=\count299
\c@highnamepenalty=\count300
\c@lownamepenalty=\count301
\c@maxparens=\count302
\c@parenlevel=\count303
\blx@tempcnta=\count304
\blx@tempcntb=\count305
\blx@tempcntc=\count306
\blx@maxsection=\count307
\blx@maxsegment@0=\count308
\blx@notetype=\count309
\blx@parenlevel@text=\count310
\blx@parenlevel@foot=\count311
\blx@sectionciteorder@0=\count312
\blx@entrysetcounter=\count313
\labelnumberwidth=\skip55
\labelalphawidth=\skip56
\biblabelsep=\skip57
\bibitemsep=\skip58
\bibnamesep=\skip59
\bibinitsep=\skip60
\bibparsep=\skip61
\bibhang=\skip62
\blx@bcfin=\read2
\blx@bcfout=\write3
\c@mincomprange=\count314
\c@maxcomprange=\count315
\c@mincompwidth=\count316
Package biblatex Info: Trying to load biblatex default data model...
Package biblatex Info: ... file 'blx-dm.def' found.

("C:\Users\czw814\AppData\Local\Programs\MiKTeX 2.9\tex/latex/biblatex\blx-dm.d
ef"
File: blx-dm.def 2018/11/02 v3.12 biblatex localization (PK/MW)
)
Package biblatex Info: Trying to load biblatex style data model...
Package biblatex Info: ... file 'nature.dbx' not found.
Package biblatex Info: Trying to load biblatex custom data model...
Package biblatex Info: ... file 'biblatex-dm.cfg' not found.
\c@afterword=\count317
\c@savedafterword=\count318
\c@annotator=\count319
\c@savedannotator=\count320
\c@author=\count321
\c@savedauthor=\count322
\c@bookauthor=\count323
\c@savedbookauthor=\count324
\c@commentator=\count325
\c@savedcommentator=\count326
\c@editor=\count327
\c@savededitor=\count328
\c@editora=\count329
\c@savededitora=\count330
\c@editorb=\count331
\c@savededitorb=\count332
\c@editorc=\count333
\c@savededitorc=\count334
\c@foreword=\count335
\c@savedforeword=\count336
\c@holder=\count337
\c@savedholder=\count338
\c@introduction=\count339
\c@savedintroduction=\count340
\c@namea=\count341
\c@savednamea=\count342
\c@nameb=\count343
\c@savednameb=\count344
\c@namec=\count345
\c@savednamec=\count346
\c@translator=\count347
\c@savedtranslator=\count348
\c@shortauthor=\count349
\c@savedshortauthor=\count350
\c@shorteditor=\count351
\c@savedshorteditor=\count352
\c@labelname=\count353
\c@savedlabelname=\count354
\c@institution=\count355
\c@savedinstitution=\count356
\c@lista=\count357
\c@savedlista=\count358
\c@listb=\count359
\c@savedlistb=\count360
\c@listc=\count361
\c@savedlistc=\count362
\c@listd=\count363
\c@savedlistd=\count364
\c@liste=\count365
\c@savedliste=\count366
\c@listf=\count367
\c@savedlistf=\count368
\c@location=\count369
\c@savedlocation=\count370
\c@organization=\count371
\c@savedorganization=\count372
\c@origlocation=\count373
\c@savedoriglocation=\count374
\c@origpublisher=\count375
\c@savedorigpublisher=\count376
\c@publisher=\count377
\c@savedpublisher=\count378
\c@language=\count379
\c@savedlanguage=\count380
\c@origlanguage=\count381
\c@savedoriglanguage=\count382
\c@pageref=\count383
\c@savedpageref=\count384
\shorthandwidth=\skip63
\shortjournalwidth=\skip64
\shortserieswidth=\skip65
\shorttitlewidth=\skip66
\shortauthorwidth=\skip67
\shorteditorwidth=\skip68
\locallabelnumberwidth=\skip69
\locallabelalphawidth=\skip70
\localshorthandwidth=\skip71
\localshortjournalwidth=\skip72
\localshortserieswidth=\skip73
\localshorttitlewidth=\skip74
\localshortauthorwidth=\skip75
\localshorteditorwidth=\skip76
Package biblatex Info: Trying to load compatibility code...
Package biblatex Info: ... file 'blx-compat.def' found.

("C:\Users\czw814\AppData\Local\Programs\MiKTeX 2.9\tex/latex/biblatex\blx-comp
at.def"
File: blx-compat.def 2018/11/02 v3.12 biblatex compatibility (PK/MW)
)
Package biblatex Info: Trying to load generic definitions...
Package biblatex Info: ... file 'biblatex.def' found.

("C:\Users\czw814\AppData\Local\Programs\MiKTeX 2.9\tex/latex/biblatex\biblatex
.def"
File: biblatex.def 2018/11/02 v3.12 biblatex compatibility (PK/MW)
\c@textcitecount=\count385
\c@textcitetotal=\count386
\c@textcitemaxnames=\count387
\c@biburlnumpenalty=\count388
\c@biburlucpenalty=\count389
\c@biburllcpenalty=\count390
\c@smartand=\count391
)
Package biblatex Info: Trying to load bibliography style 'nature'...
Package biblatex Info: ... file 'nature.bbx' found.

("C:\Users\czw814\AppData\Local\Programs\MiKTeX 2.9\tex/latex/biblatex-nature\n
ature.bbx"
File: nature.bbx 2018/10/18 v1.3c biblatex bibliography style
Package biblatex Info: Trying to load bibliography style 'numeric-comp'...
Package biblatex Info: ... file 'numeric-comp.bbx' found.

("C:\Users\czw814\AppData\Local\Programs\MiKTeX 2.9\tex/latex/biblatex/bbx\nume
ric-comp.bbx"
File: numeric-comp.bbx 2018/11/02 v3.12 biblatex bibliography style (PK/MW)
Package biblatex Info: Trying to load bibliography style 'numeric'...
Package biblatex Info: ... file 'numeric.bbx' found.

("C:\Users\czw814\AppData\Local\Programs\MiKTeX 2.9\tex/latex/biblatex/bbx\nume
ric.bbx"
File: numeric.bbx 2018/11/02 v3.12 biblatex bibliography style (PK/MW)
Package biblatex Info: Trying to load bibliography style 'standard'...
Package biblatex Info: ... file 'standard.bbx' found.

("C:\Users\czw814\AppData\Local\Programs\MiKTeX 2.9\tex/latex/biblatex/bbx\stan
dard.bbx"
File: standard.bbx 2018/11/02 v3.12 biblatex bibliography style (PK/MW)
\c@bbx:relatedcount=\count392
\c@bbx:relatedtotal=\count393
))))
Package biblatex Info: Trying to load citation style 'nature'...
Package biblatex Info: ... file 'nature.cbx' found.

("C:\Users\czw814\AppData\Local\Programs\MiKTeX 2.9\tex/latex/biblatex-nature\n
ature.cbx"
File: nature.cbx 2018/10/18 v1.3c biblatex citation style
Package biblatex Info: Trying to load citation style 'numeric-comp'...
Package biblatex Info: ... file 'numeric-comp.cbx' found.

("C:\Users\czw814\AppData\Local\Programs\MiKTeX 2.9\tex/latex/biblatex/cbx\nume
ric-comp.cbx"
File: numeric-comp.cbx 2018/11/02 v3.12 biblatex citation style (PK/MW)
\c@cbx@tempcnta=\count394
\c@cbx@tempcntb=\count395
Package biblatex Info: Redefining '\cite'.
Package biblatex Info: Redefining '\parencite'.
Package biblatex Info: Redefining '\footcite'.
Package biblatex Info: Redefining '\footcitetext'.
Package biblatex Info: Redefining '\smartcite'.
Package biblatex Info: Redefining '\supercite'.
Package biblatex Info: Redefining '\textcite'.
Package biblatex Info: Redefining '\textcites'.
Package biblatex Info: Redefining '\cites'.
Package biblatex Info: Redefining '\parencites'.
Package biblatex Info: Redefining '\smartcites'.
))
Package biblatex Info: Trying to load configuration file...
Package biblatex Info: ... file 'biblatex.cfg' found.

("C:\Users\czw814\AppData\Local\Programs\MiKTeX 2.9\tex/latex/biblatex\biblatex
.cfg"
File: biblatex.cfg 
))
("C:\Users\czw814\AppData\Local\Programs\MiKTeX 2.9\tex/latex/graphics\graphicx
.sty"
Package: graphicx 2017/06/01 v1.1a Enhanced LaTeX Graphics (DPC,SPQR)
\Gin@req@height=\dimen154
\Gin@req@width=\dimen155
)
("C:\Users\czw814\AppData\Local\Programs\MiKTeX 2.9\tex/latex/wrapfig\wrapfig.s
ty"
\wrapoverhang=\dimen156
\WF@size=\dimen157
\c@WF@wrappedlines=\count396
\WF@box=\box58
\WF@everypar=\toks22
Package: wrapfig 2003/01/31  v 3.6
)
("C:\Users\czw814\AppData\Local\Programs\MiKTeX 2.9\tex/latex/glossaries/base\g
lossaries.sty"
Package: glossaries 2019/01/06 v4.42 (NLCT)

("C:\Users\czw814\AppData\Local\Programs\MiKTeX 2.9\tex/latex/xkeyval\xkeyval.s
ty"
Package: xkeyval 2014/12/03 v2.7a package option processing (HA)

("C:\Users\czw814\AppData\Local\Programs\MiKTeX 2.9\tex/generic/xkeyval\xkeyval
.tex"
("C:\Users\czw814\AppData\Local\Programs\MiKTeX 2.9\tex/generic/xkeyval\xkvutil
s.tex"
\XKV@toks=\toks23
\XKV@tempa@toks=\toks24
)
\XKV@depth=\count397
File: xkeyval.tex 2014/12/03 v2.7a key=value parser (HA)
))
("C:\Users\czw814\AppData\Local\Programs\MiKTeX 2.9\tex/latex/mfirstuc\mfirstuc
.sty"
Package: mfirstuc 2017/11/14 v2.06 (NLCT)
\@glsmfirst=\toks25
\@glsmrest=\toks26
)
("C:\Users\czw814\AppData\Local\Programs\MiKTeX 2.9\tex/latex/textcase\textcase
.sty"
Package: textcase 2004/10/07 v0.07 Text only upper/lower case changing (DPC)
)
("C:\Users\czw814\AppData\Local\Programs\MiKTeX 2.9\tex/latex/xfor\xfor.sty"
Package: xfor 2009/02/05 v1.05 (NLCT)
)
("C:\Users\czw814\AppData\Local\Programs\MiKTeX 2.9\tex/latex/datatool\datatool
-base.sty"
Package: datatool-base 2018/12/07 v2.31 (NLCT)

("C:\Users\czw814\AppData\Local\Programs\MiKTeX 2.9\tex/latex/amsmath\amsmath.s
ty"
Package: amsmath 2018/12/01 v2.17b AMS math features
\@mathmargin=\skip77

For additional information on amsmath, use the `?' option.

("C:\Users\czw814\AppData\Local\Programs\MiKTeX 2.9\tex/latex/amsmath\amsbsy.st
y"
Package: amsbsy 1999/11/29 v1.2d Bold Symbols
\pmbraise@=\dimen158
)
("C:\Users\czw814\AppData\Local\Programs\MiKTeX 2.9\tex/latex/amsmath\amsopn.st
y"
Package: amsopn 2016/03/08 v2.02 operator names
)
\inf@bad=\count398
LaTeX Info: Redefining \frac on input line 223.
\uproot@=\count399
\leftroot@=\count400
LaTeX Info: Redefining \overline on input line 385.
\classnum@=\count401
\DOTSCASE@=\count402
LaTeX Info: Redefining \ldots on input line 482.
LaTeX Info: Redefining \dots on input line 485.
LaTeX Info: Redefining \cdots on input line 606.
\Mathstrutbox@=\box59
\strutbox@=\box60
\big@size=\dimen159
LaTeX Font Info:    Redeclaring font encoding OML on input line 729.
LaTeX Font Info:    Redeclaring font encoding OMS on input line 730.
\macc@depth=\count403
\c@MaxMatrixCols=\count404
\dotsspace@=\muskip17
\c@parentequation=\count405
\dspbrk@lvl=\count406
\tag@help=\toks27
\row@=\count407
\column@=\count408
\maxfields@=\count409
\andhelp@=\toks28
\eqnshift@=\dimen160
\alignsep@=\dimen161
\tagshift@=\dimen162
\tagwidth@=\dimen163
\totwidth@=\dimen164
\lineht@=\dimen165
\@envbody=\toks29
\multlinegap=\skip78
\multlinetaggap=\skip79
\mathdisplay@stack=\toks30
LaTeX Info: Redefining \[ on input line 2844.
LaTeX Info: Redefining \] on input line 2845.
)
("C:\Users\czw814\AppData\Local\Programs\MiKTeX 2.9\tex/latex/substr\substr.sty
"
Package: substr 2009/10/20 v1.2 Handle substrings
\c@su@anzahl=\count410
)
("C:\Users\czw814\AppData\Local\Programs\MiKTeX 2.9\tex/latex/datatool\datatool
-fp.sty"
Package: datatool-fp 2018/12/07 v2.31 (NLCT)
 ("C:\Users\czw814\AppData\Local\Programs\MiKTeX 2.9\tex/latex/fp\fp.sty"
Package: fp 1995/04/02
 `Fixed Point Package', Version 0.8, April 2, 1995 (C) Michael Mehlich
("C:\Users\czw814\AppData\Local\Programs\MiKTeX 2.9\tex/latex/fp\defpattern.sty
"
Package: defpattern 1994/10/12
\actioncount=\count411
) ("C:\Users\czw814\AppData\Local\Programs\MiKTeX 2.9\tex/latex/fp\fp-basic.sty
"
Package: fp-basic 1996/05/13
\FP@xs=\count412
\FP@xia=\count413
\FP@xib=\count414
\FP@xfa=\count415
\FP@xfb=\count416
\FP@rega=\count417
\FP@regb=\count418
\FP@regs=\count419
\FP@times=\count420
)
("C:\Users\czw814\AppData\Local\Programs\MiKTeX 2.9\tex/latex/fp\fp-addons.sty"
Package: fp-addons 1995/03/15
) ("C:\Users\czw814\AppData\Local\Programs\MiKTeX 2.9\tex/latex/fp\fp-snap.sty"
Package: fp-snap 1995/04/05
) ("C:\Users\czw814\AppData\Local\Programs\MiKTeX 2.9\tex/latex/fp\fp-exp.sty"
Package: fp-exp 1995/04/03
) ("C:\Users\czw814\AppData\Local\Programs\MiKTeX 2.9\tex/latex/fp\fp-trigo.sty
"
Package: fp-trigo 1995/04/14
) ("C:\Users\czw814\AppData\Local\Programs\MiKTeX 2.9\tex/latex/fp\fp-pas.sty"
Package: fp-pas 1994/08/29
) ("C:\Users\czw814\AppData\Local\Programs\MiKTeX 2.9\tex/latex/fp\fp-random.st
y"
Package: fp-random 1995/02/23
\FPseed=\count421
) ("C:\Users\czw814\AppData\Local\Programs\MiKTeX 2.9\tex/latex/fp\fp-eqn.sty"
Package: fp-eqn 1995/04/03
) ("C:\Users\czw814\AppData\Local\Programs\MiKTeX 2.9\tex/latex/fp\fp-upn.sty"
Package: fp-upn 1996/10/21
) ("C:\Users\czw814\AppData\Local\Programs\MiKTeX 2.9\tex/latex/fp\fp-eval.sty"
Package: fp-eval 1995/04/03
)))
\@dtl@toks=\toks31
\@dtl@tmpcount=\count422
\dtl@tmplength=\skip80
\dtl@sortresult=\count423
\@dtl@numgrpsepcount=\count424
\@dtl@datatype=\count425
\dtl@codeA=\count426
\dtl@codeB=\count427
\@dtl@foreach@level=\count428
)
("C:\Users\czw814\AppData\Local\Programs\MiKTeX 2.9\tex/latex/glossaries/base\g
lossaries-compatible-307.sty"
Package: glossaries-compatible-307 2019/01/06 v4.42 (NLCT)
)
("C:\Users\czw814\AppData\Local\Programs\MiKTeX 2.9\tex/latex/tracklang\trackla
ng.sty"
Package: tracklang 2018/05/13 v1.3.6 (NLCT) Track Languages

("C:\Users\czw814\AppData\Local\Programs\MiKTeX 2.9\tex/generic/tracklang\track
lang.tex"))
("C:\Users\czw814\AppData\Local\Programs\MiKTeX 2.9\tex/latex/glossaries-englis
h\glossaries-english.ldf"
File: glossaries-english.ldf 2014/11/23 v1.0
)
\gls@level=\count429
\@gls@tmpb=\toks32
\gls@tmplen=\skip81
\glskeylisttok=\toks33
\glslabeltok=\toks34
\glsshorttok=\toks35
\glslongtok=\toks36

("C:\Users\czw814\AppData\Local\Programs\MiKTeX 2.9\tex/latex/glossaries/styles
\glossary-hypernav.sty"
Package: glossary-hypernav 2019/01/06 v4.42 (NLCT)
)
("C:\Users\czw814\AppData\Local\Programs\MiKTeX 2.9\tex/latex/glossaries/styles
\glossary-list.sty"
Package: glossary-list 2019/01/06 v4.42 (NLCT)
\glslistdottedwidth=\skip82
)
("C:\Users\czw814\AppData\Local\Programs\MiKTeX 2.9\tex/latex/glossaries/styles
\glossary-long.sty"
Package: glossary-long 2019/01/06 v4.42 (NLCT)

("C:\Users\czw814\AppData\Local\Programs\MiKTeX 2.9\tex/latex/tools\longtable.s
ty"
Package: longtable 2014/10/28 v4.11 Multi-page Table package (DPC)+ FMi change
\LTleft=\skip83
\LTright=\skip84
\LTpre=\skip85
\LTpost=\skip86
\LTchunksize=\count430
\LTcapwidth=\dimen166
\LT@head=\box61
\LT@firsthead=\box62
\LT@foot=\box63
\LT@lastfoot=\box64
\LT@cols=\count431
\LT@rows=\count432
\c@LT@tables=\count433
\c@LT@chunks=\count434
\LT@p@ftn=\toks37
)
\glsdescwidth=\skip87
\glspagelistwidth=\skip88
)
("C:\Users\czw814\AppData\Local\Programs\MiKTeX 2.9\tex/latex/glossaries/styles
\glossary-super.sty"
Package: glossary-super 2019/01/06 v4.42 (NLCT)

("C:\Users\czw814\AppData\Local\Programs\MiKTeX 2.9\tex/latex/supertabular\supe
rtabular.sty"
Package: supertabular 2004/02/20 v4.1e the supertabular environment
\c@tracingst=\count435
\ST@wd=\dimen167
\ST@rightskip=\skip89
\ST@leftskip=\skip90
\ST@parfillskip=\skip91
\ST@pageleft=\dimen168
\ST@headht=\dimen169
\ST@tailht=\dimen170
\ST@pagesofar=\dimen171
\ST@pboxht=\dimen172
\ST@lineht=\dimen173
\ST@stretchht=\dimen174
\ST@prevht=\dimen175
\ST@toadd=\dimen176
\ST@dimen=\dimen177
\ST@pbox=\box65
))
("C:\Users\czw814\AppData\Local\Programs\MiKTeX 2.9\tex/latex/glossaries/styles
\glossary-tree.sty"
Package: glossary-tree 2019/01/06 v4.42 (NLCT)
\glstreeindent=\skip92
))
\glswrite=\write4
\glo@main@file=\write5
\openout5 = `main.glo'.

Package glossaries Info: Writing glossary file main.glo on input line 40.
\glo@acronym@file=\write6
\openout6 = `main.acn'.

Package glossaries Info: Writing glossary file main.acn on input line 40.
Package biblatex Info: Trying to load language 'english'...
Package biblatex Info: ... file 'english.lbx' found.

("C:\Users\czw814\AppData\Local\Programs\MiKTeX 2.9\tex/latex/biblatex/lbx\engl
ish.lbx"
File: english.lbx 2018/11/02 v3.12 biblatex localization (PK/MW)
)
\@quotelevel=\count436
\@quotereset=\count437


LaTeX Warning: Unused global option(s):
    [paper=a4,fontsize=11pt].

(main.aux)
\openout1 = `main.aux'.

LaTeX Font Info:    Checking defaults for OML/cmm/m/it on input line 47.
LaTeX Font Info:    ... okay on input line 47.
LaTeX Font Info:    Checking defaults for T1/cmr/m/n on input line 47.
LaTeX Font Info:    ... okay on input line 47.
LaTeX Font Info:    Checking defaults for OT1/cmr/m/n on input line 47.
LaTeX Font Info:    ... okay on input line 47.
LaTeX Font Info:    Checking defaults for OMS/cmsy/m/n on input line 47.
LaTeX Font Info:    ... okay on input line 47.
LaTeX Font Info:    Checking defaults for OMX/cmex/m/n on input line 47.
LaTeX Font Info:    ... okay on input line 47.
LaTeX Font Info:    Checking defaults for U/cmr/m/n on input line 47.
LaTeX Font Info:    ... okay on input line 47.
LaTeX Font Info:    Try loading font information for OT1+ppl on input line 47.

("C:\Users\czw814\AppData\Local\Programs\MiKTeX 2.9\tex/latex/psnfss\ot1ppl.fd"
File: ot1ppl.fd 2001/06/04 font definitions for OT1/ppl.
)
Now handling font encoding TS1 ...
... processing UTF-8 mapping file for font encoding TS1
 ("C:\Users\czw814\AppData\Local\Programs\MiKTeX 2.9\tex/latex/base\ts1enc.dfu"
File: ts1enc.dfu 2018/10/05 v1.2f UTF-8 support for inputenc
   defining Unicode char U+00A2 (decimal 162)
   defining Unicode char U+00A3 (decimal 163)
   defining Unicode char U+00A4 (decimal 164)
   defining Unicode char U+00A5 (decimal 165)
   defining Unicode char U+00A6 (decimal 166)
   defining Unicode char U+00A7 (decimal 167)
   defining Unicode char U+00A8 (decimal 168)
   defining Unicode char U+00A9 (decimal 169)
   defining Unicode char U+00AA (decimal 170)
   defining Unicode char U+00AC (decimal 172)
   defining Unicode char U+00AE (decimal 174)
   defining Unicode char U+00AF (decimal 175)
   defining Unicode char U+00B0 (decimal 176)
   defining Unicode char U+00B1 (decimal 177)
   defining Unicode char U+00B2 (decimal 178)
   defining Unicode char U+00B3 (decimal 179)
   defining Unicode char U+00B4 (decimal 180)
   defining Unicode char U+00B5 (decimal 181)
   defining Unicode char U+00B6 (decimal 182)
   defining Unicode char U+00B7 (decimal 183)
   defining Unicode char U+00B9 (decimal 185)
   defining Unicode char U+00BA (decimal 186)
   defining Unicode char U+00BC (decimal 188)
   defining Unicode char U+00BD (decimal 189)
   defining Unicode char U+00BE (decimal 190)
   defining Unicode char U+00D7 (decimal 215)
   defining Unicode char U+00F7 (decimal 247)
   defining Unicode char U+0192 (decimal 402)
   defining Unicode char U+02C7 (decimal 711)
   defining Unicode char U+02D8 (decimal 728)
   defining Unicode char U+02DD (decimal 733)
   defining Unicode char U+0E3F (decimal 3647)
   defining Unicode char U+2016 (decimal 8214)
   defining Unicode char U+2020 (decimal 8224)
   defining Unicode char U+2021 (decimal 8225)
   defining Unicode char U+2022 (decimal 8226)
   defining Unicode char U+2030 (decimal 8240)
   defining Unicode char U+2031 (decimal 8241)
   defining Unicode char U+203B (decimal 8251)
   defining Unicode char U+203D (decimal 8253)
   defining Unicode char U+2044 (decimal 8260)
   defining Unicode char U+204E (decimal 8270)
   defining Unicode char U+2052 (decimal 8274)
   defining Unicode char U+20A1 (decimal 8353)
   defining Unicode char U+20A4 (decimal 8356)
   defining Unicode char U+20A6 (decimal 8358)
   defining Unicode char U+20A9 (decimal 8361)
   defining Unicode char U+20AB (decimal 8363)
   defining Unicode char U+20AC (decimal 8364)
   defining Unicode char U+20B1 (decimal 8369)
   defining Unicode char U+2103 (decimal 8451)
   defining Unicode char U+2116 (decimal 8470)
   defining Unicode char U+2117 (decimal 8471)
   defining Unicode char U+211E (decimal 8478)
   defining Unicode char U+2120 (decimal 8480)
   defining Unicode char U+2122 (decimal 8482)
   defining Unicode char U+2126 (decimal 8486)
   defining Unicode char U+2127 (decimal 8487)
   defining Unicode char U+212E (decimal 8494)
   defining Unicode char U+2190 (decimal 8592)
   defining Unicode char U+2191 (decimal 8593)
   defining Unicode char U+2192 (decimal 8594)
   defining Unicode char U+2193 (decimal 8595)
   defining Unicode char U+2329 (decimal 9001)
   defining Unicode char U+232A (decimal 9002)
   defining Unicode char U+2422 (decimal 9250)
   defining Unicode char U+25E6 (decimal 9702)
   defining Unicode char U+25EF (decimal 9711)
   defining Unicode char U+266A (decimal 9834)
   defining Unicode char U+FEFF (decimal 65279)
)
("C:\Users\czw814\AppData\Local\Programs\MiKTeX 2.9\tex/latex/translator\transl
ator-basic-dictionary-English.dict"
Dictionary: translator-basic-dictionary, Language: English 
)
("C:\Users\czw814\AppData\Local\Programs\MiKTeX 2.9\tex/latex/siunitx\siunitx-a
bbreviations.cfg"
File: siunitx-abbreviations.cfg 2017/11/26 v2.7k siunitx: Abbreviated units
)
\c@lstlisting=\count438
LaTeX Info: Redefining \celsius on input line 47.
Package gensymb Info: Faking symbols for \degree and \celsius on input line 47.



Package gensymb Warning: Not defining \perthousand.

LaTeX Info: Redefining \ohm on input line 47.
Package gensymb Info: Using \Omega for \ohm on input line 47.

Package gensymb Warning: Not defining \micro.


("C:\Users\czw814\AppData\Local\Programs\MiKTeX 2.9\tex/context/base/mkii\supp-
pdf.mkii"
[Loading MPS to PDF converter (version 2006.09.02).]
\scratchcounter=\count439
\scratchdimen=\dimen178
\scratchbox=\box66
\nofMPsegments=\count440
\nofMParguments=\count441
\everyMPshowfont=\toks38
\MPscratchCnt=\count442
\MPscratchDim=\dimen179
\MPnumerator=\count443
\makeMPintoPDFobject=\count444
\everyMPtoPDFconversion=\toks39
)
("C:\Users\czw814\AppData\Local\Programs\MiKTeX 2.9\tex/latex/oberdiek\epstopdf
-base.sty"
Package: epstopdf-base 2016/05/15 v2.6 Base part for package epstopdf

("C:\Users\czw814\AppData\Local\Programs\MiKTeX 2.9\tex/latex/oberdiek\grfext.s
ty"
Package: grfext 2016/05/16 v1.2 Manage graphics extensions (HO)

("C:\Users\czw814\AppData\Local\Programs\MiKTeX 2.9\tex/generic/oberdiek\kvdefi
nekeys.sty"
Package: kvdefinekeys 2016/05/16 v1.4 Define keys (HO)
))
Package epstopdf-base Info: Redefining graphics rule for `.eps' on input line 4
38.
Package grfext Info: Graphics extension search list:
(grfext)             [.pdf,.png,.jpg,.mps,.jpeg,.jbig2,.jb2,.PDF,.PNG,.JPG,.JPE
G,.JBIG2,.JB2,.eps]
(grfext)             \AppendGraphicsExtensions on input line 456.
)
Package biblatex Info: Input encoding 'utf8' detected.
Package biblatex Info: Automatic encoding selection.
(biblatex)             Assuming data encoding 'utf8'.
\openout3 = `main.bcf'.

Package biblatex Info: Trying to load bibliographic data...


Package biblatex Warning: File 'main.bbl' is wrong format version - expected 3.
0.

Package biblatex Info: ... file 'main.bbl' found.
(main.bbl)
Package biblatex Info: Reference section=0 on input line 47.
Package biblatex Info: Reference segment=0 on input line 47.
 (main.glsdefs)
LaTeX Font Info:    Try loading font information for OMS+ppl on input line 49.

("C:\Users\czw814\AppData\Local\Programs\MiKTeX 2.9\tex/latex/psnfss\omsppl.fd"
File: omsppl.fd 
)
LaTeX Font Info:    Font shape `OMS/ppl/m/n' in size <8> not available
(Font)              Font shape `OMS/cmsy/m/n' tried instead on input line 49.
LaTeX Font Info:    Font shape `OMS/ppl/m/n' in size <6> not available
(Font)              Font shape `OMS/cmsy/m/n' tried instead on input line 49.
LaTeX Font Info:    Font shape `OT1/ppl/bx/n' in size <9> not available
(Font)              Font shape `OT1/ppl/b/n' tried instead on input line 50.
 (abstract.tex) [1

\openout4 = `main.ist'.

{C:/Users/czw814/AppData/Local/MiKTeX/2.9/pdftex/config/pdftex.map}]
LaTeX Font Info:    Font shape `OT1/ppl/bx/n' in size <14.4> not available
(Font)              Font shape `OT1/ppl/b/n' tried instead on input line 55.
 (main.toc
LaTeX Font Info:    Font shape `OT1/ppl/bx/n' in size <10> not available
(Font)              Font shape `OT1/ppl/b/n' tried instead on input line 2.
 [2

])
\tf@toc=\write7
\openout7 = `main.toc'.

\@gls@deffile=\write8
\openout8 = `main.glsdefs'.

 [3] (main.acr) [4] (main.lof)
\tf@lof=\write9
\openout9 = `main.lof'.

 [5

] (overview.tex)
(background.tex
LaTeX Font Info:    Font shape `OT1/ppl/bx/n' in size <12> not available
(Font)              Font shape `OT1/ppl/b/n' tried instead on input line 3.
<./images/studes.png, id=21, 667.74469pt x 296.60812pt>
File: ./images/studes.png Graphic file (type png)
<use ./images/studes.png>
Package pdftex.def Info: ./images/studes.png  used on input line 12.
(pdftex.def)             Requested size: 333.87152pt x 148.3037pt.
 [6

 <./images/studes.png>]) (Introduction.tex [7] [8]
Underfull \hbox (badness 10000) in paragraph at lines 90--90
[]|\OT1/ppl/m/n/9 Wierzbicka,
 []


Underfull \hbox (badness 10000) in paragraph at lines 90--90
[]|\OT1/ppl/m/n/9 three-day
 []


Underfull \hbox (badness 10000) in paragraph at lines 90--90
\OT1/ppl/m/n/9 weighed food
 []


Underfull \hbox (badness 10000) in paragraph at lines 90--90
[]|\OT1/ppl/m/n/9 alkylresorcinol
 []


Underfull \hbox (badness 10000) in paragraph at lines 90--90
[]|\OT1/ppl/m/n/9 Whole grain
 []


Underfull \hbox (badness 10000) in paragraph at lines 90--90
[]|\OT1/ppl/m/n/9 alkylresorcinol
 []


Underfull \hbox (badness 10000) in paragraph at lines 90--90
\OT1/ppl/m/n/9 metabo-lites,
 []


Underfull \hbox (badness 10000) in paragraph at lines 90--90
\OT1/ppl/m/n/9 ben-zox-azi-
 []


Underfull \hbox (badness 10000) in paragraph at lines 90--90
\OT1/ppl/m/n/9 noid deriva-
 []


Underfull \hbox (badness 10000) in paragraph at lines 90--90
\OT1/ppl/m/n/9 tives,phenolic
 []


Underfull \hbox (badness 10000) in paragraph at lines 90--90
[]|\OT1/ppl/m/n/9 12 healthy
 []


Underfull \hbox (badness 10000) in paragraph at lines 90--90
[]|\OT1/ppl/m/n/9 Garcia-Aloy,
 []


Underfull \hbox (badness 10000) in paragraph at lines 90--90
[]|\OT1/ppl/m/n/9 Self-reported
 []


Underfull \hbox (badness 10000) in paragraph at lines 90--90
\OT1/ppl/m/n/9 food fre-quency
 []


Underfull \hbox (badness 10000) in paragraph at lines 90--90
[]|\OT1/ppl/m/n/9 whole grain
 []


Underfull \hbox (badness 10000) in paragraph at lines 90--90
[]|\OT1/ppl/m/n/9 phytochemicals
 []


Underfull \hbox (badness 10000) in paragraph at lines 90--90
\OT1/ppl/m/n/9 (ben-zox-azi-noids,
 []


Underfull \hbox (badness 10000) in paragraph at lines 90--90
\OT1/ppl/m/n/9 alkyl-re-sor-ci-nol
 []


Overfull \hbox (5.32228pt too wide) in paragraph at lines 90--90
[]|\OT1/ppl/m/n/9 Magnusdottir,
 []


Underfull \hbox (badness 10000) in paragraph at lines 90--90
[]|\OT1/ppl/m/n/9 alkylresorcinol
 []


Underfull \hbox (badness 10000) in paragraph at lines 90--90
[]|\OT1/ppl/m/n/9 93 metabolic
 []


Underfull \hbox (badness 10000) in paragraph at lines 90--90
\OT1/ppl/m/n/9 syn-drome
 []


Underfull \hbox (badness 10000) in paragraph at lines 90--90
\OT1/ppl/m/n/9 pa-tients in
 []


Underfull \hbox (badness 2970) in paragraph at lines 90--90
\OT1/ppl/m/n/9 Nordic coun-
 []


Underfull \hbox (badness 1038) in paragraph at lines 90--90
[]|\OT1/ppl/m/n/9 whole grain and
 []


Underfull \hbox (badness 5741) in paragraph at lines 90--90
\OT1/ppl/m/n/9 fi-bre riched rye
 []


Underfull \hbox (badness 10000) in paragraph at lines 90--90
[]|\OT1/ppl/m/n/9 Self-reported
 []


Underfull \hbox (badness 10000) in paragraph at lines 90--90
\OT1/ppl/m/n/9 food fre-quency
 []


Underfull \hbox (badness 6078) in paragraph at lines 90--90
\OT1/ppl/m/n/9 mati rice, corn,
 []


Underfull \hbox (badness 10000) in paragraph at lines 90--90
[]|\OT1/ppl/m/n/9 316 over-
 []


Underfull \hbox (badness 10000) in paragraph at lines 90--90
\OT1/ppl/m/n/9 weight and
 []


Underfull \hbox (badness 2050) in paragraph at lines 90--90
\OT1/ppl/m/n/9 obese par-tic-i-
 []


Underfull \hbox (badness 10000) in paragraph at lines 90--90
[]|\OT1/ppl/m/n/9 Andersson,
 []


Underfull \hbox (badness 10000) in paragraph at lines 90--90
[]|\OT1/ppl/m/n/9 whole grain
 []


Underfull \hbox (badness 10000) in paragraph at lines 90--90
[]|\OT1/ppl/m/n/9 72 Swedish
 []


Underfull \hbox (badness 10000) in paragraph at lines 90--90
[]|\OT1/ppl/m/n/9 nonfasting
 []


Underfull \hbox (badness 10000) in paragraph at lines 90--90
\OT1/ppl/m/n/9 and fast-ing
 []


Underfull \hbox (badness 10000) in paragraph at lines 90--90
[]|\OT1/ppl/m/n/9 semi-quantitative
 []


Underfull \hbox (badness 10000) in paragraph at lines 90--90
\OT1/ppl/m/n/9 food fre-quency
 []


Underfull \hbox (badness 10000) in paragraph at lines 90--90
[]|\OT1/ppl/m/n/9 360 post-
 []


Underfull \hbox (badness 10000) in paragraph at lines 90--90
\OT1/ppl/m/n/9 menopausal
 []


Underfull \hbox (badness 10000) in paragraph at lines 90--90
[]|\OT1/ppl/m/n/9 Self-reported
 []


Underfull \hbox (badness 10000) in paragraph at lines 90--90
\OT1/ppl/m/n/9 food fre-quency
 []


Underfull \hbox (badness 10000) in paragraph at lines 90--90
[]|\OT1/ppl/m/n/9 100 healthy
 []


Underfull \hbox (badness 10000) in paragraph at lines 90--90
[]|\OT1/ppl/m/n/9 Guyman,
 []


Underfull \hbox (badness 10000) in paragraph at lines 90--90
[]|\OT1/ppl/m/n/9 three-day food
 []


Underfull \hbox (badness 2197) in paragraph at lines 90--90
\OT1/ppl/m/n/9 record and food
 []


Underfull \hbox (badness 10000) in paragraph at lines 90--90
\OT1/ppl/m/n/9 fre-quency ques-
 []


Underfull \hbox (badness 10000) in paragraph at lines 90--90
[]|\OT1/ppl/m/n/9 3-(3,5-
 []


Overfull \hbox (4.49417pt too wide) in paragraph at lines 90--90
\OT1/ppl/m/n/9 dihydroxyphenyl)-
 []


Underfull \hbox (badness 10000) in paragraph at lines 90--90
[]|\OT1/ppl/m/n/9 whole grain
 []


Underfull \hbox (badness 10000) in paragraph at lines 90--90
[]|\OT1/ppl/m/n/9 22 women
 []

[9]
Overfull \hbox (0.2156pt too wide) in paragraph at lines 95--96
\OT1/ppl/m/n/10 With the de-vel-op-ment of high-throughout an-a-lyt-i-cal tech-
nolo-gies, 3 tech-niques
 []

[10]
Overfull \hbox (4.3563pt too wide) in paragraph at lines 108--109
\OT1/ppl/m/n/10 ment, data nor-mal-iza-tion and sig-nal cor-rec-tion fol-lowed 
by the anal-y-sis through
 []

LaTeX Font Info:    Font shape `OMS/ppl/m/n' in size <10> not available
(Font)              Font shape `OMS/cmsy/m/n' tried instead on input line 116.
[11]
Overfull \hbox (8.11787pt too wide) in paragraph at lines 126--127
[]\OT1/ppl/b/n/10 Deepening the un-der-stand-ing of bi-o-log-i-cal as-pect of m
etabolism: \OT1/ppl/m/n/10 Marta[]
 []


Overfull \hbox (9.10533pt too wide) in paragraph at lines 136--138
[]\OT1/ppl/m/n/10 An ex-ten-sive in-house database was built cov-er-ing all 'bi
ologically-feasible'
 []

) (Materialmethod.tex [12]
Overfull \hbox (11.72612pt too wide) in paragraph at lines 14--15
[]\OT1/ppl/m/n/10 More de-tails re-gard-ing []LC-MS an-a-lyt-i-cal con-di-tion 
can be found else-where[31,
 []


Overfull \hbox (4.27687pt too wide) in paragraph at lines 17--20
\OT1/ppl/m/n/10 Whole grain bar-ley ce-real (1.5 kg, Au-rion, Den-mark) was pur
-chased from Helse-
 []


Overfull \hbox (7.04636pt too wide) in paragraph at lines 17--20
\OT1/ppl/m/n/10 huset, Gam-mel Kongevej 92, Fred-eriks-berg. Whole grain bar-le
y was first grained
 []


Overfull \hbox (3.4961pt too wide) in paragraph at lines 21--22
[]\OT1/ppl/m/n/10 The frac-tion that can pass through the sieve had smaller par
-ti-cle size (smaller
 []

[13]
LaTeX Font Info:    Try loading font information for TS1+ppl on input line 36.

("C:\Users\czw814\AppData\Local\Programs\MiKTeX 2.9\tex/latex/psnfss\ts1ppl.fd"
File: ts1ppl.fd 2001/06/04 font definitions for TS1/ppl.
)
Overfull \hbox (15.48633pt too wide) in paragraph at lines 56--57
\OT1/ppl/m/n/10 pro-fil-ing data [33]. It was of-ten con-sid-ered as start-ing 
point to an-a-lyze metabolome
 []

[14]
Overfull \hbox (5.19357pt too wide) in paragraph at lines 76--76
[][]\OT1/ppl/b/n/12 Tandem Mass Spec-trom-e-try ([]MS/MS) Ex-per-i-ment and Ide
n-
 []


Overfull \hbox (9.99571pt too wide) in paragraph at lines 78--79
\OT1/ppl/m/n/10 frag-ment them. []MS/MS is an im-por-tant method in struc-ture 
elu-ci-da-tion. []MS/MS
 []

) (results.tex [15]
<images/pca_score.png, id=60, 822.9144pt x 345.4506pt>
File: images/pca_score.png Graphic file (type png)
<use images/pca_score.png>
Package pdftex.def Info: images/pca_score.png  used on input line 30.
(pdftex.def)             Requested size: 353.84628pt x 148.54086pt.

Overfull \hbox (8.84628pt too wide) in paragraph at lines 30--31
 [][] 
 []

[16 <./images/pca_score.png>]
<images/marker1.png, id=65, 873.0216pt x 348.8232pt>
File: images/marker1.png Graphic file (type png)
<use images/marker1.png>
Package pdftex.def Info: images/marker1.png  used on input line 42.
(pdftex.def)             Requested size: 314.28754pt x 125.57625pt.
<images/barley_marker.png, id=66, 862.9038pt x 686.565pt>
File: images/barley_marker.png Graphic file (type png)
<use images/barley_marker.png>
Package pdftex.def Info: images/barley_marker.png  used on input line 48.
(pdftex.def)             Requested size: 310.64513pt x 247.16321pt.
 [17 <./images/marker1.png> <./images/barley_marker.png>]
<images/231p0870.pdf, id=72, 368.37625pt x 307.1475pt>
File: images/231p0870.pdf Graphic file (type pdf)
<use images/231p0870.pdf>
Package pdftex.def Info: images/231p0870.pdf  used on input line 63.
(pdftex.def)             Requested size: 184.18767pt x 153.57336pt.
<images/216d9995.pdf, id=73, 729.72626pt x 521.95pt>
File: images/216d9995.pdf Graphic file (type pdf)
<use images/216d9995.pdf>
Package pdftex.def Info: images/216d9995.pdf  used on input line 75.
(pdftex.def)             Requested size: 335.67816pt x 240.0999pt.


LaTeX Warning: `!h' float specifier changed to `!ht'.

[18

 <./images/231p0870.pdf>]
Overfull \hbox (12.70651pt too wide) in paragraph at lines 83--84
[]\OT1/ppl/m/n/10 4-hydroxybenzoic acid-4-O-sulphate and 3-hydroxybenzoic acid-
3-O-sulphate
 []


Overfull \hbox (12.76563pt too wide) in paragraph at lines 85--86
\OT1/ppl/m/n/10 iden-ti-fied as metabo-lite of polyphe-nols or phe-nols[36]. (5
-ethyl-2-hydroxyphenyl)
 []

[19 <./images/216d9995.pdf>]
<images/501517compare.pdf, id=119, 688.5725pt x 358.33875pt>
File: images/501517compare.pdf Graphic file (type pdf)
<use images/501517compare.pdf>
Package pdftex.def Info: images/501517compare.pdf  used on input line 99.
(pdftex.def)             Requested size: 344.2854pt x 179.16893pt.
<images/gluco_frag.PNG, id=120, 762.59906pt x 149.05687pt>
File: images/gluco_frag.PNG Graphic file (type png)
<use images/gluco_frag.PNG>
Package pdftex.def Info: images/gluco_frag.PNG  used on input line 107.
(pdftex.def)             Requested size: 343.1664pt x 67.07497pt.

Overfull \hbox (4.5961pt too wide) in paragraph at lines 114--116
[]\OT1/ppl/m/n/10 Conjugation re-ac-tions with glu-curonic acid oc-cur in an-i-
mals with glu-curono-
 []

[20 <./images/501517compare.pdf> <./images/gluco_frag.PNG>]
<images/291pos(p1,p2).png, id=138, 608.2725pt x 497.4585pt>
File: images/291pos(p1,p2).png Graphic file (type png)
<use images/291pos(p1,p2).png>
Package pdftex.def Info: images/291pos(p1,p2).png  used on input line 138.
(pdftex.def)             Requested size: 255.47272pt x 208.93114pt.
 [21]
<images/ION291.pdf, id=142, 1008.76875pt x 545.03625pt>
File: images/ION291.pdf Graphic file (type pdf)
<use images/ION291.pdf>
Package pdftex.def Info: images/ION291.pdf  used on input line 145.
(pdftex.def)             Requested size: 383.3361pt x 207.11592pt.

Overfull \hbox (38.3361pt too wide) in paragraph at lines 145--146
 [][] 
 []

<images/Annotation-291.pdf, id=143, 715.67375pt x 360.34625pt>
File: images/Annotation-291.pdf Graphic file (type pdf)
<use images/Annotation-291.pdf>
Package pdftex.def Info: images/Annotation-291.pdf  used on input line 151.
(pdftex.def)             Requested size: 322.0502pt x 162.15431pt.
[22 <./images/291pos(p1,p2).png> <./images/ION291.pdf>]
Package epstopdf Info: Source file: <images/5sterols_combined.eps>
(epstopdf)                    date: 2019-04-09 10:45:32
(epstopdf)                    size: 421767 bytes
(epstopdf)             Output file: <images/5sterols_combined-eps-converted-to.
pdf>
(epstopdf)                    date: 2019-04-09 10:45:32
(epstopdf)                    size: 119520 bytes
(epstopdf)             Command: <epstopdf --outfile=images/5sterols_combined-ep
s-converted-to.pdf images/5sterols_combined.eps>
(epstopdf)             \includegraphics on input line 160.
Package epstopdf Info: Output file is already uptodate.


pdfTeX warning: pdflatex.exe (file ./images/5sterols_combined-eps-converted-to.
pdf): PDF inclusion: found PDF version <1.7>, but at most version <1.5> allowed

<images/5sterols_combined-eps-converted-to.pdf, id=161, 557.08125pt x 452.69125
pt>
File: images/5sterols_combined-eps-converted-to.pdf Graphic file (type pdf)
<use images/5sterols_combined-eps-converted-to.pdf>
Package pdftex.def Info: images/5sterols_combined-eps-converted-to.pdf  used on
 input line 160.
(pdftex.def)             Requested size: 278.53995pt x 226.34506pt.
Package epstopdf Info: Source file: <images/possiblesterol.eps>
(epstopdf)                    date: 2019-04-09 10:45:32
(epstopdf)                    size: 106927 bytes
(epstopdf)             Output file: <images/possiblesterol-eps-converted-to.pdf
>
(epstopdf)                    date: 2019-04-09 10:45:32
(epstopdf)                    size: 27235 bytes
(epstopdf)             Command: <epstopdf --outfile=images/possiblesterol-eps-c
onverted-to.pdf images/possiblesterol.eps>
(epstopdf)             \includegraphics on input line 170.
Package epstopdf Info: Output file is already uptodate.


pdfTeX warning: pdflatex.exe (file ./images/possiblesterol-eps-converted-to.pdf
): PDF inclusion: found PDF version <1.7>, but at most version <1.5> allowed
<images/possiblesterol-eps-converted-to.pdf, id=162, 557.08125pt x 396.48125pt>

File: images/possiblesterol-eps-converted-to.pdf Graphic file (type pdf)
<use images/possiblesterol-eps-converted-to.pdf>
Package pdftex.def Info: images/possiblesterol-eps-converted-to.pdf  used on in
put line 170.
(pdftex.def)             Requested size: 167.12566pt x 118.94528pt.
) [23 <./images/Annotation-291.pdf> <./images/5sterols_combined-eps-converted-t
o.pdf>] (conclusion_discussion.tex
<images/idsummarybarley.PNG, id=183, 791.95876pt x 539.01375pt>
File: images/idsummarybarley.PNG Graphic file (type png)
<use images/idsummarybarley.PNG>
Package pdftex.def Info: images/idsummarybarley.PNG  used on input line 7.
(pdftex.def)             Requested size: 332.6204pt x 226.38422pt.
 [24 <./images/possiblesterol-eps-converted-to.pdf> <./images/idsummarybarley.P
NG>]) (perspectives.tex) (acknowledgement.tex [25]) [26] (appendix.tex
<images/chromatogram_barley_1.png, id=197, 806.0514pt x 419.166pt>
File: images/chromatogram_barley_1.png Graphic file (type png)
<use images/chromatogram_barley_1.png>
Package pdftex.def Info: images/chromatogram_barley_1.png  used on input line 4
.
(pdftex.def)             Requested size: 322.41484pt x 167.66342pt.
 [27

 <./images/chromatogram_barley_1.png>]
<images/sterolmsms.jpg, id=202, 162.6075pt x 298.716pt>
File: images/sterolmsms.jpg Graphic file (type jpg)
<use images/sterolmsms.jpg>
Package pdftex.def Info: images/sterolmsms.jpg  used on input line 14.
(pdftex.def)             Requested size: 162.6071pt x 298.71526pt.
) [28

 <./images/sterolmsms.jpg>]
LaTeX Font Info:    Try loading font information for OT1+pcr on input line 114.


("C:\Users\czw814\AppData\Local\Programs\MiKTeX 2.9\tex/latex/psnfss\ot1pcr.fd"
File: ot1pcr.fd 2001/06/04 font definitions for OT1/pcr.
)
Overfull \hbox (3.54173pt too wide) in paragraph at lines 117--117
[]\OT1/ppl/m/n/10 Fardet, A. New hy-pothe-ses for the health-protective mech-a-
nisms of whole-
 []


Overfull \hbox (3.54173pt too wide) in paragraph at lines 117--117
[]\OT1/ppl/m/n/10 Fardet, A. New hy-pothe-ses for the health-protective mech-a-
nisms of whole-
 []


Overfull \hbox (2.86307pt too wide) in paragraph at lines 117--117
[]\OT1/ppl/m/n/10 Ibrugger, S. \OT1/ppl/m/it/10 et al. \OT1/ppl/m/n/10 Ex-tract
ed oat and bar-ley beta-glucans do not af-fect choles-
 []

[29

]
Overfull \hbox (6.78625pt too wide) in paragraph at lines 117--117
[]\OT1/ppl/m/n/10 Magnusdottir, O. K. \OT1/ppl/m/it/10 et al. \OT1/ppl/m/n/10 W
hole Grain Rye In-take, Re-flected by a Biomarker,
 []


Overfull \hbox (3.7266pt too wide) in paragraph at lines 117--117
[]\OT1/ppl/m/n/10 Landberg, R., Kamal-Eldin, A., An-der-s-son, A., Vessby, B. &
 Aman, P. Alkyl-
 []


Overfull \hbox (11.97023pt too wide) in paragraph at lines 117--117
\OT1/ppl/m/n/10 con-cen-tra-tion and in-take es-ti-mated from di-etary records.
 \OT1/ppl/m/it/10 AMER-I-CAN JOUR-
 []

[30]
Overfull \hbox (4.3729pt too wide) in paragraph at lines 117--117
[]\OT1/ppl/m/n/10 Pratic[]o, G. \OT1/ppl/m/it/10 et al. \OT1/ppl/m/n/10 Guide-l
ines for Biomarker of Food In-take Re-views (BFIRev):
 []


Overfull \hbox (0.78577pt too wide) in paragraph at lines 117--117
\OT1/ppl/m/n/10 and filtration-based pro-tein pre-cip-i-ta-tion de-lin-eates si
g-nif-i-cant dif-fer-ences
 []


Overfull \hbox (5.06606pt too wide) in paragraph at lines 117--117
\OT1/ppl/m/n/10 croe-lu-tion solid-phase ex-trac-tion plate and liq-uid chromat
ography-tandem
 []


Overfull \hbox (4.27118pt too wide) in paragraph at lines 117--117
[]\OT1/ppl/m/n/10 DJOUMBOU FE-U-NANG, Y. \OT1/ppl/m/it/10 Chem-in-for-mat-ics T
ools for En-abling Metabolomics
 []

[31] [32] (main.aux)
Package logreq Info: Writing requests to 'main.run.xml'.
\openout1 = `main.run.xml'.

 ) 
Here is how much of TeX's memory you used:
 29026 strings out of 492945
 565069 string characters out of 3125809
 978682 words of memory out of 3000000
 32551 multiletter control sequences out of 15000+200000
 556374 words of font info for 89 fonts, out of 3000000 for 9000
 1141 hyphenation exceptions out of 8191
 46i,11n,63p,2319b,1318s stack positions out of 5000i,500n,10000p,200000b,50000s
{C:/Users/czw814/AppData/Local/Programs/MiKTeX 2.9/fonts/enc/dvips/base/8r.en
c}<C:/Users/czw814/AppData/Local/Programs/MiKTeX 2.9/fonts/type1/public/amsfont
s/cm/cmr10.pfb><C:/Users/czw814/AppData/Local/Programs/MiKTeX 2.9/fonts/type1/p
ublic/amsfonts/cm/cmsy10.pfb><C:/Users/czw814/AppData/Local/Programs/MiKTeX 2.9
/fonts/type1/public/amsfonts/cm/cmsy6.pfb><C:/Users/czw814/AppData/Local/Progra
ms/MiKTeX 2.9/fonts/type1/public/amsfonts/cm/cmsy7.pfb><C:/Users/czw814/AppData
/Local/Programs/MiKTeX 2.9/fonts/type1/public/amsfonts/cm/cmsy8.pfb><C:/Users/c
zw814/AppData/Local/Programs/MiKTeX 2.9/fonts/type1/urw/courier/ucrr8a.pfb><C:/
Users/czw814/AppData/Local/Programs/MiKTeX 2.9/fonts/type1/urw/palatino/uplb8a.
pfb><C:/Users/czw814/AppData/Local/Programs/MiKTeX 2.9/fonts/type1/urw/palatino
/uplr8a.pfb><C:/Users/czw814/AppData/Local/Programs/MiKTeX 2.9/fonts/type1/urw/
palatino/uplri8a.pfb>
Output written on main.pdf (32 pages, 1756849 bytes).
PDF statistics:
 250 PDF objects out of 1000 (max. 8388607)
 0 named destinations out of 1000 (max. 500000)
 81 words of extra memory for PDF output out of 10000 (max. 10000000)

